<?xml version="1.0" encoding="UTF-8"?>
<!-- Generated by org.testng.reporters.JUnitReportReporter -->
<testsuite hostname="INLEN8520040049" failures="0" tests="1" name="Runner.LoginRunner" time="59.434" errors="0" timestamp="2022-07-08T14:32:50 IST" skipped="0">
  <testcase classname="Runner.LoginRunner" name="runScenario" time="59.434"/>
  <system-out/>
</testsuite> <!-- Runner.LoginRunner -->
